<?xml version="1.0" encoding="UTF-8"?>
<!-- Generated by org.testng.reporters.JUnitXMLReporter -->
<testsuite hostname="Ashutoshs-MacBook-Air.local" ignored="0" name="Default test" tests="3" failures="0" timestamp="27 Nov 2021 16:29:42 GMT" time="0.056" errors="0">
  <testcase name="@BeforeSuite setup" time="0.018" classname="com.tdd.orangehrm.helper.base.TestBase">
    <failure type="java.lang.NullPointerException">
      <![CDATA[java.lang.NullPointerException
at com.tdd.orangehrm.helper.base.TestBase.setup(TestBase.java:33)
at sun.reflect.NativeMethodAccessorImpl.invoke0(Native Method)
at sun.reflect.NativeMethodAccessorImpl.invoke(NativeMethodAccessorImpl.java:62)
at sun.reflect.DelegatingMethodAccessorImpl.invoke(DelegatingMethodAccessorImpl.java:43)
at java.lang.reflect.Method.invoke(Method.java:498)
at org.testng.internal.MethodInvocationHelper.invokeMethod(MethodInvocationHelper.java:124)
at org.testng.internal.MethodInvocationHelper.invokeMethodConsideringTimeout(MethodInvocationHelper.java:59)
at org.testng.internal.Invoker.invokeConfigurationMethod(Invoker.java:458)
at org.testng.internal.Invoker.invokeConfigurations(Invoker.java:222)
at org.testng.internal.Invoker.invokeConfigurations(Invoker.java:142)
at org.testng.SuiteRunner.privateRun(SuiteRunner.java:401)
at org.testng.SuiteRunner.run(SuiteRunner.java:364)
at org.testng.SuiteRunnerWorker.runSuite(SuiteRunnerWorker.java:52)
at org.testng.SuiteRunnerWorker.run(SuiteRunnerWorker.java:84)
at org.testng.TestNG.runSuitesSequentially(TestNG.java:1208)
at org.testng.TestNG.runSuitesLocally(TestNG.java:1137)
at org.testng.TestNG.runSuites(TestNG.java:1049)
at org.testng.TestNG.run(TestNG.java:1017)
at org.testng.remote.AbstractRemoteTestNG.run(AbstractRemoteTestNG.java:115)
at org.testng.remote.RemoteTestNG.initAndRun(RemoteTestNG.java:251)
at org.testng.remote.RemoteTestNG.main(RemoteTestNG.java:77)
]]>
    </failure>
  </testcase> <!-- @BeforeSuite setup -->
  <testcase name="@BeforeMethod objectDeclaration" time="0.0" classname="com.tdd.orangehrm.testcase.LoginPageTest">
    <skipped/>
  </testcase> <!-- @BeforeMethod objectDeclaration -->
  <testcase name="@BeforeMethod objectDeclaration" time="0.0" classname="com.tdd.orangehrm.testcase.LoginPageTest">
    <skipped/>
  </testcase> <!-- @BeforeMethod objectDeclaration -->
  <testcase name="@BeforeMethod objectDeclaration" time="0.0" classname="com.tdd.orangehrm.testcase.LoginPageTest">
    <skipped/>
  </testcase> <!-- @BeforeMethod objectDeclaration -->
  <testcase name="verifyLogo" time="0.0" classname="com.tdd.orangehrm.testcase.LoginPageTest">
    <skipped/>
  </testcase> <!-- verifyLogo -->
  <testcase name="loginIntoApplicationValidCred" time="0.0" classname="com.tdd.orangehrm.testcase.LoginPageTest">
    <skipped/>
  </testcase> <!-- loginIntoApplicationValidCred -->
  <testcase name="loginIntoAppplicationInvalidCred" time="0.0" classname="com.tdd.orangehrm.testcase.LoginPageTest">
    <skipped/>
  </testcase> <!-- loginIntoAppplicationInvalidCred -->
</testsuite> <!-- Default test -->
