<?xml version="1.0" encoding="UTF-8"?>
<!-- Generated by org.testng.reporters.JUnitXMLReporter -->
<testsuite hostname="Ashutoshs-MacBook-Air.local" ignored="0" name="Login test" tests="6" failures="0" timestamp="15 Jan 2022 17:02:42 GMT" time="120.357" errors="0">
  <testcase name="loginIntoApplicationValidCred" time="30.341" classname="com.tdd.orangehrm.testcase.LoginPageTest"/>
  <testcase name="loginIntoAppplicationInvalidCred" time="2.93" classname="com.tdd.orangehrm.testcase.LoginPageTest"/>
  <testcase name="verifyForgetPassword" time="10.067" classname="com.tdd.orangehrm.testcase.LoginPageTest"/>
  <testcase name="verifyLogo" time="0.211" classname="com.tdd.orangehrm.testcase.LoginPageTest"/>
  <testcase name="verifyPageTitle" time="0.009" classname="com.tdd.orangehrm.testcase.LoginPageTest"/>
  <testcase name="verifySocialLinksAreNotBroken" time="1.744" classname="com.tdd.orangehrm.testcase.LoginPageTest"/>
</testsuite> <!-- Login test -->
