<?xml version="1.0" encoding="UTF-8"?>
<!-- Generated by org.testng.reporters.JUnitXMLReporter -->
<testsuite hostname="Ashutoshs-MacBook-Air.local" ignored="3" name="Login test" tests="1" failures="0" timestamp="16 Dec 2021 15:36:21 GMT" time="58.987" errors="0">
  <testcase name="loginIntoApplicationValidCred" time="48.84" classname="com.tdd.orangehrm.testcase.LoginPageTest"/>
  <testcase name="verifyForgetPassword" time="0.0" classname="com.tdd.orangehrm.testcase.LoginPageTest">
    <ignored/>
  </testcase> <!-- verifyForgetPassword -->
  <testcase name="verifyLogo" time="0.0" classname="com.tdd.orangehrm.testcase.LoginPageTest">
    <ignored/>
  </testcase> <!-- verifyLogo -->
  <testcase name="loginIntoAppplicationInvalidCred" time="0.0" classname="com.tdd.orangehrm.testcase.LoginPageTest">
    <ignored/>
  </testcase> <!-- loginIntoAppplicationInvalidCred -->
</testsuite> <!-- Login test -->
