<?xml version="1.0" encoding="UTF-8"?>
<!-- Generated by org.testng.reporters.JUnitXMLReporter -->
<testsuite hostname="Ashutoshs-MacBook-Air.local" ignored="0" name="Login test" tests="4" failures="0" timestamp="29 Nov 2021 16:49:32 GMT" time="39.176" errors="0">
  <testcase name="verifyLogo" time="0.248" classname="com.tdd.orangehrm.testcase.LoginPageTest"/>
  <testcase name="loginIntoApplicationValidCred" time="25.95" classname="com.tdd.orangehrm.testcase.LoginPageTest"/>
  <testcase name="loginIntoAppplicationInvalidCred" time="2.726" classname="com.tdd.orangehrm.testcase.LoginPageTest"/>
  <testcase name="verifyForgetPassword" time="10.034" classname="com.tdd.orangehrm.testcase.LoginPageTest"/>
</testsuite> <!-- Login test -->
