<?xml version="1.0" encoding="UTF-8"?>
<!-- Generated by org.testng.reporters.JUnitXMLReporter -->
<testsuite hostname="Ashutoshs-MacBook-Air.local" ignored="0" name="Login test" tests="2" failures="0" timestamp="25 Nov 2021 16:23:15 GMT" time="15.891" errors="0">
  <testcase name="verifyLogo" time="0.316" classname="com.tdd.orangehrm.testcase.LoginPageTest"/>
  <testcase name="loginIntoApplication" time="15.473" classname="com.tdd.orangehrm.testcase.LoginPageTest"/>
</testsuite> <!-- Login test -->
