<?xml version="1.0" encoding="UTF-8"?>
<testng-results skipped="0" failed="0" ignored="0" total="4" passed="4">
  <reporter-output>
  </reporter-output>
  <suite name="LoginTest suite" duration-ms="39176" started-at="2021-11-29T16:48:52Z" finished-at="2021-11-29T16:49:31Z">
    <groups>
    </groups>
    <test name="Login test" duration-ms="39176" started-at="2021-11-29T16:48:52Z" finished-at="2021-11-29T16:49:31Z">
      <class name="com.tdd.orangehrm.testcase.LoginPageTest">
        <test-method status="PASS" signature="setup(org.testng.ITestContext)[pri:0, instance:com.tdd.orangehrm.testcase.LoginPageTest@2f177a4b]" name="setup" is-config="true" duration-ms="14446" started-at="2021-11-29T16:48:38Z" finished-at="2021-11-29T16:48:52Z">
          <params>
            <param index="0">
              <value>
                <![CDATA[org.testng.TestRunner@73163d48]]>
              </value>
            </param>
          </params>
          <reporter-output>
          </reporter-output>
        </test-method> <!-- setup -->
        <test-method status="PASS" signature="objectDeclaration()[pri:0, instance:com.tdd.orangehrm.testcase.LoginPageTest@2f177a4b]" name="objectDeclaration" is-config="true" duration-ms="134" started-at="2021-11-29T16:48:52Z" finished-at="2021-11-29T16:48:52Z">
          <reporter-output>
          </reporter-output>
        </test-method> <!-- objectDeclaration -->
        <test-method status="PASS" signature="verifyLogo()[pri:0, instance:com.tdd.orangehrm.testcase.LoginPageTest@2f177a4b]" name="verifyLogo" duration-ms="248" started-at="2021-11-29T16:48:52Z" description="Logo Verification" finished-at="2021-11-29T16:48:53Z">
          <reporter-output>
          </reporter-output>
        </test-method> <!-- verifyLogo -->
        <test-method status="PASS" signature="objectDeclaration()[pri:0, instance:com.tdd.orangehrm.testcase.LoginPageTest@2f177a4b]" name="objectDeclaration" is-config="true" duration-ms="3" started-at="2021-11-29T16:48:53Z" finished-at="2021-11-29T16:48:53Z">
          <reporter-output>
          </reporter-output>
        </test-method> <!-- objectDeclaration -->
        <test-method status="PASS" signature="loginIntoApplicationValidCred()[pri:1, instance:com.tdd.orangehrm.testcase.LoginPageTest@2f177a4b]" name="loginIntoApplicationValidCred" duration-ms="25950" started-at="2021-11-29T16:48:53Z" description="Login with valid credentials" finished-at="2021-11-29T16:49:19Z">
          <reporter-output>
          </reporter-output>
        </test-method> <!-- loginIntoApplicationValidCred -->
        <test-method status="PASS" signature="objectDeclaration()[pri:0, instance:com.tdd.orangehrm.testcase.LoginPageTest@2f177a4b]" name="objectDeclaration" is-config="true" duration-ms="2" started-at="2021-11-29T16:49:19Z" finished-at="2021-11-29T16:49:19Z">
          <reporter-output>
          </reporter-output>
        </test-method> <!-- objectDeclaration -->
        <test-method status="PASS" signature="loginIntoAppplicationInvalidCred()[pri:2, instance:com.tdd.orangehrm.testcase.LoginPageTest@2f177a4b]" name="loginIntoAppplicationInvalidCred" duration-ms="2726" started-at="2021-11-29T16:49:19Z" description="Login with Invalid Credentails" finished-at="2021-11-29T16:49:21Z">
          <reporter-output>
          </reporter-output>
        </test-method> <!-- loginIntoAppplicationInvalidCred -->
        <test-method status="PASS" signature="objectDeclaration()[pri:0, instance:com.tdd.orangehrm.testcase.LoginPageTest@2f177a4b]" name="objectDeclaration" is-config="true" duration-ms="1" started-at="2021-11-29T16:49:21Z" finished-at="2021-11-29T16:49:21Z">
          <reporter-output>
          </reporter-output>
        </test-method> <!-- objectDeclaration -->
        <test-method status="PASS" signature="verifyForgetPassword()[pri:3, instance:com.tdd.orangehrm.testcase.LoginPageTest@2f177a4b]" name="verifyForgetPassword" duration-ms="10034" started-at="2021-11-29T16:49:21Z" description="Verify Forget password link" finished-at="2021-11-29T16:49:31Z">
          <reporter-output>
          </reporter-output>
        </test-method> <!-- verifyForgetPassword -->
        <test-method status="PASS" signature="tearDown(org.testng.ITestContext)[pri:0, instance:com.tdd.orangehrm.testcase.LoginPageTest@2f177a4b]" name="tearDown" is-config="true" duration-ms="1360" started-at="2021-11-29T16:49:32Z" finished-at="2021-11-29T16:49:33Z">
          <params>
            <param index="0">
              <value>
                <![CDATA[org.testng.TestRunner@73163d48]]>
              </value>
            </param>
          </params>
          <reporter-output>
          </reporter-output>
        </test-method> <!-- tearDown -->
      </class> <!-- com.tdd.orangehrm.testcase.LoginPageTest -->
    </test> <!-- Login test -->
  </suite> <!-- LoginTest suite -->
</testng-results>
